<?xml version="1.0" encoding="UTF-8"?>
<!-- Generated by org.testng.reporters.JUnitReportReporter -->
<testsuite hostname="aniket" failures="0" tests="4" name="ParellelExecution.Test1" time="14.550" errors="0" timestamp="2023-11-07T22:35:18 IST" skipped="0">
  <testcase classname="ParellelExecution.Test1" name="flipkart" time="4.277"/>
  <system-out/>
  <testcase classname="ParellelExecution.Test1" name="facebook" time="3.911"/>
  <system-out/>
  <testcase classname="ParellelExecution.Test1" name="myntra" time="2.772"/>
  <system-out/>
  <testcase classname="ParellelExecution.Test1" name="instagram" time="3.590"/>
  <system-out/>
</testsuite> <!-- ParellelExecution.Test1 -->
