<?xml version="1.0" encoding="UTF-8"?>
<!-- Generated by org.testng.reporters.JUnitReportReporter -->
<testsuite hostname="aniket" failures="0" tests="2" name="TestNG.annotations" time="0.014" errors="0" timestamp="2023-11-06T23:08:38 IST" skipped="0">
  <testcase classname="TestNG.annotations" name="Home2" time="0.004"/>
  <system-out/>
  <testcase classname="TestNG.annotations" name="Home" time="0.010"/>
  <system-out/>
</testsuite> <!-- TestNG.annotations -->
