<?xml version="1.0" encoding="UTF-8"?>
<!-- Generated by org.testng.reporters.JUnitReportReporter -->
<testsuite hostname="aniket" failures="0" tests="2" name="Anotation.test3" time="14.640" errors="0" timestamp="2023-11-07T22:13:28 IST" skipped="0">
  <testcase classname="Anotation.test3" name="flipkart" time="7.545"/>
  <system-out/>
  <testcase classname="Anotation.test3" name="myntra" time="7.095"/>
  <system-out/>
</testsuite> <!-- Anotation.test3 -->
