<?xml version="1.0" encoding="UTF-8"?>
<!-- Generated by org.testng.reporters.JUnitReportReporter -->
<testsuite hostname="aniket" failures="0" tests="1" name="POM.OrganizationBasePage" time="16.419" errors="0" timestamp="2023-11-05T18:30:50 IST" skipped="0">
  <testcase classname="POM.OrganizationBasePage" name="Organization" time="16.419"/>
  <system-out/>
</testsuite> <!-- POM.OrganizationBasePage -->
