<?xml version="1.0" encoding="UTF-8"?>
<!-- Generated by org.testng.reporters.JUnitReportReporter -->
<testsuite hostname="aniket" failures="0" tests="4" name="annotation.groups" time="19.216" errors="0" timestamp="2023-11-07T15:29:17 IST" skipped="0">
  <testcase classname="annotation.groups" name="flipkart" time="2.246"/>
  <system-out/>
  <testcase classname="annotation.groups" name="myntra" time="7.641"/>
  <system-out/>
  <testcase classname="annotation.groups" name="facebook" time="4.761"/>
  <system-out/>
  <testcase classname="annotation.groups" name="instagram" time="4.568"/>
  <system-out/>
</testsuite> <!-- annotation.groups -->
