<?xml version="1.0" encoding="UTF-8"?>
<!-- Generated by org.testng.reporters.JUnitReportReporter -->
<testsuite hostname="aniket" failures="0" tests="2" name="onlineClass.test4" time="23.307" errors="0" timestamp="2023-11-14T16:02:59 IST" skipped="0">
  <testcase classname="onlineClass.test4" name="amazon" time="14.922"/>
  <system-out/>
  <testcase classname="onlineClass.test4" name="amazon" time="8.385"/>
  <system-out/>
</testsuite> <!-- onlineClass.test4 -->
