<?xml version="1.0" encoding="UTF-8"?>
<!-- Generated by org.testng.reporters.JUnitReportReporter -->
<testsuite hostname="aniket" failures="0" tests="2" name="TestNG.annonation" time="0.015" errors="0" timestamp="2023-11-07T22:27:52 IST" skipped="0">
  <testcase classname="TestNG.annonation" name="Home1" time="0.007"/>
  <system-out/>
  <testcase classname="TestNG.annonation" name="Home" time="0.008"/>
  <system-out/>
</testsuite> <!-- TestNG.annonation -->
