<?xml version="1.0" encoding="UTF-8"?>
<!-- Generated by org.testng.reporters.JUnitReportReporter -->
<testsuite hostname="aniket" failures="0" tests="1" name="TestNG.asserttrue" time="4.216" errors="0" timestamp="2023-11-06T14:46:16 IST" skipped="0">
  <testcase classname="TestNG.asserttrue" name="vtiger" time="4.216"/>
  <system-out/>
</testsuite> <!-- TestNG.asserttrue -->
