<?xml version="1.0" encoding="UTF-8"?>
<!-- Generated by org.testng.reporters.JUnitReportReporter -->
<testsuite hostname="aniket" failures="0" tests="1" name="POM.contactbasePage" time="114.636" errors="0" timestamp="2023-11-18T11:19:05 IST" skipped="0">
  <testcase classname="POM.contactbasePage" name="contact" time="114.636"/>
  <system-out/>
</testsuite> <!-- POM.contactbasePage -->
