<?xml version="1.0" encoding="UTF-8"?>
<!-- Generated by org.testng.reporters.JUnitReportReporter -->
<testsuite hostname="aniket" failures="0" tests="1" name="onlineClass.test" time="0.004" errors="0" timestamp="2023-11-08T14:38:29 IST" skipped="0">
  <testcase classname="onlineClass.test" name="home" time="0.004"/>
  <system-out/>
</testsuite> <!-- onlineClass.test -->
