<?xml version="1.0" encoding="UTF-8"?>
<!-- Generated by org.testng.reporters.JUnitReportReporter -->
<testsuite hostname="aniket" failures="0" tests="1" name="TestNG.softassert" time="4.394" errors="0" timestamp="2023-11-06T23:49:10 IST" skipped="0">
  <testcase classname="TestNG.softassert" name="vtigercrm" time="4.394"/>
  <system-out/>
</testsuite> <!-- TestNG.softassert -->
