<?xml version="1.0" encoding="UTF-8"?>
<!-- Generated by org.testng.reporters.JUnitReportReporter -->
<testsuite hostname="aniket" failures="0" tests="4" name="TestNG.facebook" time="30.936" errors="0" timestamp="2023-11-04T14:24:01 IST" skipped="0">
  <testcase classname="TestNG.facebook" name="instagram" time="16.173"/>
  <system-out/>
  <testcase classname="TestNG.facebook" name="Facebook" time="3.986"/>
  <system-out/>
  <testcase classname="TestNG.facebook" name="Facebook" time="3.773"/>
  <system-out/>
  <testcase classname="TestNG.facebook" name="zomato" time="7.004"/>
  <system-out/>
</testsuite> <!-- TestNG.facebook -->
