<?xml version="1.0" encoding="UTF-8"?>
<!-- Generated by org.testng.reporters.JUnitReportReporter -->
<testsuite hostname="aniket" failures="0" tests="2" name="onlineClass.test3" time="9.312" errors="0" timestamp="2023-11-07T22:55:24 IST" skipped="0">
  <testcase classname="onlineClass.test3" name="amazon" time="3.698"/>
  <system-out/>
  <testcase classname="onlineClass.test3" name="myntra" time="5.614"/>
  <system-out/>
</testsuite> <!-- onlineClass.test3 -->
