<?xml version="1.0" encoding="UTF-8"?>
<!-- Generated by org.testng.reporters.JUnitReportReporter -->
<testsuite hostname="aniket" failures="0" tests="1" name="POM.OpportunitiesBasePage" time="11.137" errors="0" timestamp="2023-11-05T18:29:08 IST" skipped="0">
  <testcase classname="POM.OpportunitiesBasePage" name="Opportunities" time="11.137"/>
  <system-out/>
</testsuite> <!-- POM.OpportunitiesBasePage -->
